<?xml version="1.0" encoding="UTF-8"?>
<!-- Generated by org.testng.reporters.JUnitXMLReporter -->
<testsuite hostname="LAPTOP-V5ISSR0O" ignored="0" name="Default test" tests="3" failures="0" timestamp="2021-07-23T16:11:24 IST" time="0.071" errors="0">
  <testcase name="tc" time="0.008" classname="demotestng.DemoProvider"/>
  <testcase name="tc" time="0.002" classname="demotestng.DemoProvider"/>
  <testcase name="tc" time="0.001" classname="demotestng.DemoProvider"/>
</testsuite> <!-- Default test -->
