<?xml version="1.0" encoding="UTF-8"?>
<testng-results skipped="0" failed="0" ignored="0" total="2" passed="2">
  <reporter-output>
  </reporter-output>
  <suite name="Suite" duration-ms="9990" started-at="2021-07-26T12:22:42 IST" finished-at="2021-07-26T12:22:52 IST">
    <groups>
    </groups>
    <test name="Test" duration-ms="9990" started-at="2021-07-26T12:22:42 IST" finished-at="2021-07-26T12:22:52 IST">
      <class name="demotestng.MethodParallel">
        <test-method status="PASS" signature="tc_2()[pri:0, instance:demotestng.MethodParallel@10bbd20a]" name="tc_2" duration-ms="9959" started-at="2021-07-26T12:22:42 IST" finished-at="2021-07-26T12:22:52 IST">
          <reporter-output>
          </reporter-output>
        </test-method> <!-- tc_2 -->
        <test-method status="PASS" signature="tc_1()[pri:0, instance:demotestng.MethodParallel@10bbd20a]" name="tc_1" duration-ms="9873" started-at="2021-07-26T12:22:42 IST" finished-at="2021-07-26T12:22:52 IST">
          <reporter-output>
          </reporter-output>
        </test-method> <!-- tc_1 -->
      </class> <!-- demotestng.MethodParallel -->
    </test> <!-- Test -->
  </suite> <!-- Suite -->
</testng-results>
